<?xml version="1.0" encoding="UTF-8"?>
<testng-results skipped="0" failed="0" total="1" passed="1">
  <reporter-output>
  </reporter-output>
  <suite name="Surefire suite" duration-ms="48152" started-at="2016-02-03T09:49:08Z" finished-at="2016-02-03T09:49:56Z">
    <groups>
    </groups>
    <test name="Surefire test" duration-ms="48152" started-at="2016-02-03T09:49:08Z" finished-at="2016-02-03T09:49:56Z">
      <class name="com.gl.nymgo.test.NymgoTest">
        <test-method status="PASS" signature="testLoginPage()[pri:0, instance:com.gl.nymgo.test.NymgoTest@668bc3d5]" name="testLoginPage" duration-ms="48132" started-at="2016-02-03T11:49:08Z" finished-at="2016-02-03T11:49:56Z">
          <reporter-output>
          </reporter-output>
        </test-method> <!-- testLoginPage -->
      </class> <!-- com.gl.nymgo.test.NymgoTest -->
    </test> <!-- Surefire test -->
  </suite> <!-- Surefire suite -->
</testng-results>
